<!DOCTYPE html PUBLIC "-//W3C//DTD XHTML 1.0 Transitional//EN" "http://www.w3.org/TR/xhtml1/DTD/xhtml1-transitional.dtd">
<html xmlns="http://www.w3.org/1999/xhtml" lang="fr" dir="ltr">
<head>
<title>~~~ - Wikipédia</title>
12.3552269936
<!DOCTYPE html PUBLIC "-//W3C//DTD XHTML 1.0 Transitional//EN" "http://www.w3.org/TR/xhtml1/DTD/xhtml1-transitional.dtd">
<html xmlns="http://www.w3.org/1999/xhtml" lang="fr" dir="ltr">
<head>
<title>~~~ - Wikipédia</title>
11.8410701752
<!DOCTYPE html PUBLIC "-//W3C//DTD XHTML 1.0 Transitional//EN" "http://www.w3.org/TR/xhtml1/DTD/xhtml1-transitional.dtd">
<html xmlns="http://www.w3.org/1999/xhtml" lang="fr" dir="ltr">
<head>
<title>~~~ - Wikipédia</title>
11.8104031086
<!DOCTYPE html PUBLIC "-//W3C//DTD XHTML 1.0 Transitional//EN" "http://www.w3.org/TR/xhtml1/DTD/xhtml1-transitional.dtd">
<html xmlns="http://www.w3.org/1999/xhtml" lang="fr" dir="ltr">
<head>
<title>~~~ - Wikipédia</title>
12.2505469322
<!DOCTYPE html PUBLIC "-//W3C//DTD XHTML 1.0 Transitional//EN" "http://www.w3.org/TR/xhtml1/DTD/xhtml1-transitional.dtd">
<html xmlns="http://www.w3.org/1999/xhtml" lang="fr" dir="ltr">
<head>
<title>~~~ - Wikipédia</title>
12.3124990463
New :
<!DOCTYPE html PUBLIC "-//W3C//DTD XHTML 1.0 Transitional//EN" "http://www.w3.org/TR/xhtml1/DTD/xhtml1-transitional.dtd">
<html xmlns="http://www.w3.org/1999/xhtml" lang="fr" dir="ltr">
<head>
<title>~~a~~~~~~~~~~~~a~~t~~~e~~~~e~~~~~~~~~~~~~~~~~~te~t~~~~~~ c~~~e~~~~~~~~/~~~~~~~~~~~~~~~~~~~"~~~~~~~~~~~~~~~~~~~~~~~~~~~~~~~~~~~~~~~~~~~~~t~~~~~~~~~~~~~~~~~~~~~~~~n~~~~~~~~~~~~~~~~~~~~~~~~~~~~i~~~~~~~~~~~~~~~~~~~~~~~~~~~~~~~~t~~n~~~~~~~~~~~~~~~~~~~i~~~~~~~~~~~~~~~~~~~~~~~~~~~~~~~~~~~~~~~~~~~~~~~~~~~~~~~~~~~~~~~~~~~~~~~~~~~~~~~i~~ ~~~~~~~~~~~~i~~~~~~~~~~~~~~~~~~~~~~~~i~~e~~~~~~~~~~~~~~~&amp;action=edit" />
<link rel="apple-touch-icon" href="http://fr.wikipedia.org/apple-touch-icon.png" />
<link rel="shortcut icon" href="/favicon.ico" />
<link rel="search" type="application/opensearchdescription+xml" href="/w/opensearch_desc.php" title="Wikipédia (fr)" />
<link rel="copyright" href="http://creativecommons.org/licenses/by-sa/3.0/" />
<link rel="alternate" type="application/atom+xml" title="Flux Atom de Wikipédia" href="/w/index.php?title=Sp%C3%A9cial:Modifications_r%C3%A9centes&amp;feed=atom" />
<link rel="stylesheet" href="http://bits.wikimedia.org/skins-1.5/vector/main-ltr.css?283-19" type="text/css" media="screen" />
<link rel="stylesheet" href="http://bits.wikimedia.org/skins-1.5/common/shared.css?283-19" type="text/css" media="screen" />

2477.76099396
New :
~
0.000845193862915
New :
~
0.000686883926392
New :
~r~
0.000273942947388
New :
~r~
0.000283002853394
New :
<title>~~~ - Wikipédia</title>
<meta http-equiv="Content-Type" content="text/html; charset=utf-8" />
<meta http-equiv="Content-Style-Type" content="text/css" />
<meta name="generator" content="MediaWiki 1.16wmf4" />
<link rel="alternate" type="application/x-wiki" title="Modifier" href="/w/index.php?title=~~~&amp;action=edit" />

39.9555389881
New :
<title>~~a~-~Wikipédia~/~itle~~~m~t~~~~~p~~~~i~~~C~~~~~~~~~~~~~~~~~e~~~~~~~~/~~~l~~~~~~~~~~~~~~~~~~~~~~e~~~http~~~~i~~~~~~~~~~~~~~~~~~~~~~~~~~~~~~~~~~~~~~~~~~~~~~~~~~~~~~~~~~e~~~~~~~~~~~~~e~~~~~~~~~~~~~~~~~~~~~~~~~~~~~~~~~~e~~"~~~e~~~~~~~~~~~~~~~~~~~~~~~~~~~~~~~~~~~~~~~~~~~~~~~~~~~~~~~~~~~~~~~~~~~p~~~t~~~~~~~~~~~~~~~~~~~~~~" />~
57.7673871517
New :
<title>~l~ - Wikipédia</title>
<meta http-equiv="Content-Type" content="text/html; charset=utf-8" />
<meta http-equiv="Content-Style-Type" content="text/css" />
<meta name="generator" content="MediaWiki 1.16wmf4" />
<link rel="alternate" type="application/x-wiki" title="Modifier" href="/w/index.php?title=~l~&amp;action=edit" />~
74.9952809811
New :
<title>~l~ - Wikipédia</title>
<meta http-equiv="Content-Type" content="text/html; charset=utf-8" />
<meta http-equiv="Content-Style-Type" content="text/css" />
<meta name="generator" content="MediaWiki 1.16wmf4" />
<link rel="alternate" type="application/x-wiki" title="Modifier" href="/w/index.php?title=~l~&amp;action=edit" />~
75.8102960587
New :
~r~
0.178699970245
New :
~r~
0.15393280983
New :
~r~
0.188182115555
New :
~r~
0.207568883896
New :
~r~
0.0911569595337
New :
~r~
0.0583648681641
New :
~r~
0.121129989624
New :
~r~
0.292102098465
New :
~r~
0.00168395042419
New :
~r~
0.00031590461731
New :
~r~
0.166322946548
New :
~r~
0.152908086777
New :
~r~
0.176973819733
New :
~r~
0.000572919845581
New :
~r~
0.183264970779
New :
~r~
0.269513845444
New :
~r~
0.25484585762
New :
~r~
0.30862903595
New :
<~itle>~l~ - Wikipédia</title>
<meta http-equiv="Content-Type" content="text/html; charset=utf-8" />
<meta http-equiv="Content-Style-Type" content="text/css" />
<meta name="generator" content="MediaWiki 1.16wmf4" />
<link rel="alternate" type="application/x-wiki" title="Modifier" href="/w/index.php?title=~l~&amp;action=edit" />~
83.9951150417
New :
<~itle>~~a~-~Wikipédia~/~itle~~~m~t~~~~~p~~~~i~~~C~~~~~~~~~~~~~~~~~e~~~~~~~~/~~~l~~~~~~~~~~~~~~~~~~~~~~e~~~http~~~~i~~~~~~~~~~~~~~~~~~~~~~~~~~~~~~~~~~~~~~~~~~~~~~~~~~~~~~~~~~e~~~~~~~~~~~~~e~~~~~~~~~~~~~~~~~~~~~~~~~~~~~~~~~~e~~"~~~e~~~~~~~~~~~~~~~~~~~~~~~~~~~~~~~~~~~~~~~~~~~~~~~~~~~~~~~~~~~~~~~~~~~p~~~t~~~~~~~~~~~~~~~~~~~~~~" />

58.1901400089
New :
<~itle>~ed~ ~a~i~-~Wikipédia~/~itle~~~m~t~~~~~p~~~~i~~~~on~~~~~~~~e~~~~~~~~~~~~~~~~~~~~~~~~~~~~~~~~~~~~~~~~~~et~ h~~~~~~~~~~~~~~t~~~~~~~~~~~~~~~~~~~~~~~~~~~~~~~~~~~~~~~~~~~~~~~~~~~~~~~~~~~"~~~~~~~~~~~edia~~~~~~~~~~~~~~~~~~~~~~~~~~~~~~~~e~~~~~~~~~~~~~~~~~i~~~~~~~~~~i~~~~~~~~~~~~~~~~~~~~~~~~~~~~~~~~~~~~~~~~~~t~~~~~~~~~~~~~~~~~~~~~~~~~~~~" />

63.2759468555
New :
<title>~~a~- Wikipédia</title>
<meta http-equiv="Content-Type" content="text/html; charset=utf-8" />
<meta http-equiv="Content-Style-Type" content="text/css" />
<meta name="generator" content="MediaWiki 1.16wmf4" />
<link rel="alternate" type="application/x-wiki" title="Modifier" href="/w/index.php?title=~~a~amp;action=edit" />

26.6436750889
New :
<title>~~a~- Wikipédia</title>
<meta http-equiv="Content-Type" content="text/html; charset=utf-8" />
<meta http-equiv="Content-Style-Type" content="text/css" />
<meta name="generator" content="MediaWiki 1.16wmf4" />
<link rel="alternate" type="application/x-wiki" title="Modifier" href="/w/index.php?title=~~a~amp;action=edit" />

27.5848429203
New :
<~itle>~l~ - Wikipédia</title>
<meta http-equiv="Content-Type" content="text/html; charset=utf-8" />
<meta http-equiv="Content-Style-Type" content="text/css" />
<meta name="generator" content="MediaWiki 1.16wmf4" />
<link rel="alternate" type="application/x-wiki" title="Modifier" href="/w/index.php?title=~l~&amp;action=edit" />~
77.005051136
New :
<~itle>~ed~ ~a~i~-~Wikipédia~/~itle~~~m~t~~~~~p~~~~i~~~~on~~~~~~~~e~~~~~~~~~~~~~~~~~~~~~~~~~~~~~~~~~~~~~~~~~~et~ h~~~~~~~~~~~~~~t~~~~~~~~~~~~~~~~~~~~~~~~~~~~~~~~~~~~~~~~~~~~~~~~~~~~~~~~~~~"~~~~~~~~~~~edia~~~~~~~~~~~~~~~~~~~~~~~~~~~~~~~~e~~~~~~~~~~~~~~~~~i~~~~~~~~~~i~~~~~~~~~~~~~~~~~~~~~~~~~~~~~~~~~~~~~~~~~~t~~~~~~~~~~~~~~~~~~~~~~~~~~~~" />

60.2761330605
New :
<~itle>~ed~ ~a~i~-~Wikipédia~/~itle~~~m~t~~~~~p~~~~i~~~~on~~~~~~~~e~~~~~~~~~~~~~~~~~~~~~~~~~~~~~~~~~~~~~~~~~~et~ h~~~~~~~~~~~~~~t~~~~~~~~~~~~~~~~~~~~~~~~~~~~~~~~~~~~~~~~~~~~~~~~~~~~~~~~~~~"~~~~~~~~~~~edia~~~~~~~~~~~~~~~~~~~~~~~~~~~~~~~~e~~~~~~~~~~~~~~~~~i~~~~~~~~~~i~~~~~~~~~~~~~~~~~~~~~~~~~~~~~~~~~~~~~~~~~~t~~~~~~~~~~~~~~~~~~~~~~~~~~~~" />

88.1658542156
New :
<~itle>~ed~ ~a~i~-~Wikipédia~/~itle~~~m~t~~~~~p~~~~i~~~~on~~~~~~~~e~~~~~~~~~~~~~~~~~~~~~~~~~~~~~~~~~~~~~~~~~~et~ h~~~~~~~~~~~~~~t~~~~~~~~~~~~~~~~~~~~~~~~~~~~~~~~~~~~~~~~~~~~~~~~~~~~~~~~~~~"~~~~~~~~~~~edia~~~~~~~~~~~~~~~~~~~~~~~~~~~~~~~~e~~~~~~~~~~~~~~~~~i~~~~~~~~~~i~~~~~~~~~~~~~~~~~~~~~~~~~~~~~~~~~~~~~~~~~~t~~~~~~~~~~~~~~~~~~~~~~~~~~~~" />

74.9550359249
New :
<~itle>~ed~ ~a~i~-~Wikipédia~/~itle~~~m~t~~~~~p~~~~i~~~~on~~~~~~~~e~~~~~~~~~~~~~~~~~~~~~~~~~~~~~~~~~~~~~~~~~~et~ h~~~~~~~~~~~~~~t~~~~~~~~~~~~~~~~~~~~~~~~~~~~~~~~~~~~~~~~~~~~~~~~~~~~~~~~~~~"~~~~~~~~~~~edia~~~~~~~~~~~~~~~~~~~~~~~~~~~~~~~~e~~~~~~~~~~~~~~~~~i~~~~~~~~~~i~~~~~~~~~~~~~~~~~~~~~~~~~~~~~~~~~~~~~~~~~~t~~~~~~~~~~~~~~~~~~~~~~~~~~~~" />

75.8497750759
New :
<~itle>~ed~ ~a~i~-~Wikipédia~/~itle~~~m~t~~~~~p~~~~i~~~~on~~~~~~~~e~~~~~~~~~~~~~~~~~~~~~~~~~~~~~~~~~~~~~~~~~~et~ h~~~~~~~~~~~~~~t~~~~~~~~~~~~~~~~~~~~~~~~~~~~~~~~~~~~~~~~~~~~~~~~~~~~~~~~~~~"~~~~~~~~~~~edia~~~~~~~~~~~~~~~~~~~~~~~~~~~~~~~~e~~~~~~~~~~~~~~~~~i~~~~~~~~~~i~~~~~~~~~~~~~~~~~~~~~~~~~~~~~~~~~~~~~~~~~~t~~~~~~~~~~~~~~~~~~~~~~~~~~~~" />

76.3055660725
New :
<title>~~a~- Wikipédia</title>
<meta http-equiv="Content-Type" content="text/html; charset=utf-8" />
<meta http-equiv="Content-Style-Type" content="text/css" />
<meta name="generator" content="MediaWiki 1.16wmf4" />
<link rel="alternate" type="application/x-wiki" title="Modifier" href="/w/index.php?title=~~a~amp;action=edit" />

28.7023699284
New :
<~itle>~ed~ ~a~i~-~Wikipédia~/~itle~~~m~t~~~~~p~~~~i~~~~on~~~~~~~~e~~~~~~~~~~~~~~~~~~~~~~~~~~~~~~~~~~~~~~~~~~et~ h~~~~~~~~~~~~~~t~~~~~~~~~~~~~~~~~~~~~~~~~~~~~~~~~~~~~~~~~~~~~~~~~~~~~~~~~~~"~~~~~~~~~~~edia~~~~~~~~~~~~~~~~~~~~~~~~~~~~~~~~e~~~~~~~~~~~~~~~~~i~~~~~~~~~~i~~~~~~~~~~~~~~~~~~~~~~~~~~~~~~~~~~~~~~~~~~t~~~~~~~~~~~~~~~~~~~~~~~~~~~~" />

75.7243847847
New :
<title>~~a~~~ ~~~i~i~~~~i~~~~~~~e~~~~~t~~~~~~~~~~~~~~~~~~~~~~~~~~~~~~~te~t~~t~~~~~~~~~~~~~~~~~~~~~~~~~~~~~~~~~~~~~~~~~~~~~~~~~t~~~-~~~~~~~~~~~~~~~te~t~~~~~~/~~~~~~~~~~~~~~~~~e~~~~~~~~~~~~~~~~~e~~~~~~~~~~~~~~~~~~~~~~~~~~~~~~~~~~~~~~a~~~~~~~e~~~~p~~~a~~~~~~~~~~~~~~i~~~~~~~~~~~~~~~~~e~~~~~~~~~~~~~~~~~~~~~~~~~~~~~~~&amp;action=edit" />

18.9216461182
New :
<title>~~a~~~ ~~~i~i~~~~i~~~~~~~e~~~~~t~~~~~~~~~~~~~~~~~~~~~~~~~~~~~~~te~t~~t~~~~~~~~~~~~~~~~~~~~~~~~~~~~~~~~~~~~~~~~~~~~~~~~~t~~~-~~~~~~~~~~~~~~~te~t~~~~~~/~~~~~~~~~~~~~~~~~e~~~~~~~~~~~~~~~~~e~~~~~~~~~~~~~~~~~~~~~~~~~~~~~~~~~~~~~~a~~~~~~~e~~~~p~~~a~~~~~~~~~~~~~~i~~~~~~~~~~~~~~~~~e~~~~~~~~~~~~~~~~~~~~~~~~~~~~~~~&amp;action=edit" />

19.4319050312
New :
<title>~~a~- Wikipédia</title>
<meta http-equiv="Content-Type" content="text/html; charset=utf-8" />
<meta http-equiv="Content-Style-Type" content="text/css" />
<meta name="generator" content="MediaWiki 1.16wmf4" />
<link rel="alternate" type="application/x-wiki" title="Modifier" href="/w/index.php?title=~~a~amp;action=edit" />

26.2421579361
New :
<title>~~a~- Wikipédia</title>
<meta http-equiv="Content-Type" content="text/html; charset=utf-8" />
<meta http-equiv="Content-Style-Type" content="text/css" />
<meta name="generator" content="MediaWiki 1.16wmf4" />
<link rel="alternate" type="application/x-wiki" title="Modifier" href="/w/index.php?title=~~~~~~&amp;action=edit" />

26.9163119793
New :
<title>~~a~- Wikipédia</title>
<meta http-equiv="Content-Type" content="text/html; charset=utf-8" />
<meta http-equiv="Content-Style-Type" content="text/css" />
<meta name="generator" content="MediaWiki 1.16wmf4" />
<link rel="alternate" type="application/x-wiki" title="Modifier" href="/w/index.php?title=~~~~~~&amp;action=edit" />

29.1991460323
New :
<title>~~a~- Wikipédia</title>
<meta http-equiv="Content-Type" content="text/html; charset=utf-8" />
<meta http-equiv="Content-Style-Type" content="text/css" />
<meta name="generator" content="MediaWiki 1.16wmf4" />
<link rel="alternate" type="application/x-wiki" title="Modifier" href="/w/index.php?title=~~~~~~&amp;action=edit" />

27.2517399788
New :
<title>~~a~- Wikipédia</title>
<meta http-equiv="Content-Type" content="text/html; charset=utf-8" />
<meta http-equiv="Content-Style-Type" content="text/css" />
<meta name="generator" content="MediaWiki 1.16wmf4" />
<link rel="alternate" type="application/x-wiki" title="Modifier" href="/w/index.php?title=~~~~~~&amp;action=edit" />

27.3630819321
New :
<title>ぱぱaぱ- Wikipédia</title>
<meta http-equiv="Content-Type" content="text/html; charset=utf-8" />
<meta http-equiv="Content-Style-Type" content="text/css" />
<meta name="generator" content="MediaWiki 1.16wmf4" />
<link rel="alternate" type="application/x-wiki" title="Modifier" href="/w/index.php?title=ぱぱぱぱぱぱ&amp;action=edit" />

27.2676038742
New :
<title>~~a~~ ~ ~~~~~~~~~~~~~~~~~~~~~~~~~~~~~~~~~~~~~~~~~nt~~~~~~~~~~~~nt~~t~~t~~t~~~~~~~~~~~~~t~~~~~~~~~~~~~~~~~~~~~~~~~~~~~~~nt~~t~~~~~~~~~~~~~~~nt~~t~~t~~~~~~~~~~~~~~~~a~~~~~~~~~~~~~~~~~~~~nt~~~~~~~~i~~~~~~~~~~~~~~~~~~~~~~~~~~~~~~~~~~~~~~~~~~~~~~~~~~~~~~~~~~~~~~~~~~~~~~~~~~~~~~~~~~~~~~~~~~~~~~~~~~~~~~~~~~~e~~~~~~~&amp;action=edit" />

34.6167309284
New :
<title>~~a~- Wikipédia</title>
<meta http-equiv="Content-Type" content="text/html; charset=utf-8" />
<meta http-equiv="Content-Style-Type" content="text/css" />
<meta name="generator" content="MediaWiki 1.16wmf4" />
<link rel="alternate" type="application/x-wiki" title="Modifier" href="/w/index.php?title=~~~~~~&amp;action=edit" />

27.2347979546
New :
<title>~~a~- Wikipédia</title>
<meta http-equiv="Content-Type" content="text/html; charset=utf-8" />
<meta http-equiv="Content-Style-Type" content="text/css" />
<meta name="generator" content="MediaWiki 1.16wmf4" />
<link rel="alternate" type="application/x-wiki" title="Modifier" href="/w/index.php?title=~~~~~~&amp;action=edit" />

27.3459031582
New :
<title>~~a~- Wikipédia</title>
<meta http-equiv="Content-Type" content="text/html; charset=utf-8" />
<meta http-equiv="Content-Style-Type" content="text/css" />
<meta name="generator" content="MediaWiki 1.16wmf4" />
<link rel="alternate" type="application/x-wiki" title="Modifier" href="/w/index.php?title=~~~~~~&amp;action=edit" />

32.3102738857
New :
<title>~~a~- Wikipédia</title>
<meta http-equiv="Content-Type" content="text/html; charset=utf-8" />
<meta http-equiv="Content-Style-Type" content="text/css" />
<meta name="generator" content="MediaWiki 1.16wmf4" />
<link rel="alternate" type="application/x-wiki" title="Modifier" href="/w/index.php?title=~~~~~~&amp;action=edit" />

27.314825058
New :
<title>~~a~- Wikipédia</title>
<meta http-equiv="Content-Type" content="text/html; charset=utf-8" />
<meta http-equiv="Content-Style-Type" content="text/css" />
<meta name="generator" content="MediaWiki 1.16wmf4" />
<link rel="alternate" type="application/x-wiki" title="Modifier" href="/w/index.php?title=~~~~~~&amp;action=edit" />

27.0982580185
New :
<title>~~a~- Wikipédia</title>
<meta http-equiv="Content-Type" content="text/html; charset=utf-8" />
<meta http-equiv="Content-Style-Type" content="text/css" />
<meta name="generator" content="MediaWiki 1.16wmf4" />
<link rel="alternate" type="application/x-wiki" title="Modifier" href="/w/index.php?title=~~~~~~&amp;action=edit" />

27.1749920845
New :
<title>~~a~- Wikipédia</title>
<meta http-equiv="Content-Type" content="text/html; charset=utf-8" />
<meta http-equiv="Content-Style-Type" content="text/css" />
<meta name="generator" content="MediaWiki 1.16wmf4" />
<link rel="alternate" type="application/x-wiki" title="Modifier" href="/w/index.php?title=~~~~~~&amp;action=edit" />

27.3754770756
New :
~~~~~~~~~~~~~~~~~~~~~~~~~~~~~~
~~~~~~~~~~~~~~~~~~~~~~~~~~~~~~~~~~~~~~~~~~~~~~~~~~~~~~~~~~~~~~~~~~~~~
~~~~~~~~~~~~~~~~~~~~~~~~~~~~~~~~~~~~~~~~~~~~~~~~~~~~~~~~~~~
~~~~~~~~~~~~~~~~~~~~~~~~~~~~~~~~~~~~~~~~~~~~~~~~~~~~~~
~~~~~~~~~~~~~~~~~~~~~~~~~~~~~~~~~~~~~~~~~~~~~~~~~~~~~~~~~~~~~~~~~~~~~~~~~~~~~~~~~~~~~~~~~~~~~~~~~~~~~~~~~~~~~~~~~~~~

9.77957201004
New :
~~~~~~~~~~~~~~~~~~~~~~~~~~~~~~
~~~~~~~~~~~~~~~~~~~~~~~~~~~~~~~~~~~~~~~~~~~~~~~~~~~~~~~~~~~~~~~~~~~~~
~~~~~~~~~~~~~~~~~~~~~~~~~~~~~~~~~~~~~~~~~~~~~~~~~~~~~~~~~~~
~~~~~~~~~~~~~~~~~~~~~~~~~~~~~~~~~~~~~~~~~~~~~~~~~~~~~~
~~~~~~~~~~~~~~~~~~~~~~~~~~~~~~~~~~~~~~~~~~~~~~~~~~~~~~~~~~~~~~~~~~~~~~~~~~~~~~~~~~~~~~~~~~~~~~~~~~~~~~~~~~~~~~~~~~~~

9.78587889671
New :
<title>
0.538628816605
New :
<title>Bla - Wikipédia</title>
<meta http-equiv="Content-Type" content="text/html; charset=utf-8" />
<meta http-equiv="Content-Style-Type" content="text/css" />
<meta name="generator" content="MediaWiki 1.16wmf4" />
<link rel="alternate" type="application/x-wiki" title="Modifier" href="/w/index.php?title=Bla ox&amp;action=edit" />

12.106443882
New :
<title>Bla - Wikipédia</title>
<meta http-equiv="Content-Type" content="text/html; charset=utf-8" />
<meta http-equiv="Content-Style-Type" content="text/css" />
<meta name="generator" content="MediaWiki 1.16wmf4" />
<link rel="alternate" type="application/x-wiki" title="Modifier" href="/w/index.php?title=Bla ox&amp;action=edit" />

11.9536559582
New :
<title>Bla - Wikipédia</title>
<meta http-equiv="Content-Type" content="text/html; charset=utf-8" />
<meta http-equiv="Content-Style-Type" content="text/css" />
<meta name="generator" content="MediaWiki 1.16wmf4" />
<link rel="alternate" type="application/x-wiki" title="Modifier" href="/w/index.php?title=Bla ox&amp;action=edit" />

12.6343619823
New :
<title>Bla - Wikipédia</title>
<meta http-equiv="Content-Type" content="text/html; charset=utf-8" />
<meta http-equiv="Content-Style-Type" content="text/css" />
<meta name="generator" content="MediaWiki 1.16wmf4" />
<link rel="alternate" type="application/x-wiki" title="Modifier" href="/w/index.php?title=Bla ox&amp;action=edit" />

12.1523561478
New :
<title>
0.513991117477
New :
<title>~l~ ~ ~iki~~di~~/~itle~~~m~t~ ~~~~~~~~~~~~~~~~~~~~~~~~~~~~~~~~~~~~~~~~~~~~~~~~~~~~~~~~~~~~~~~~~~~~~~~~~~~~~~~~~~~~~~~~~~~~~~~~~~~~~~~~~~~~~~~~~~~~~~~~~~~~~~~~~~~~~~~~~~~~~~~~~~~~~~~~~~~~~~~~~~~~~~~~~~~~~~~~~~~~~~~~~~~~~~~~~~~~~~~~~~~~~~~~~~~~~~~~~~~~~~~~~~~~~~~~~~~~~~~~~~~~~~~~~~~~~~~~~~~~~~~~~~~~~~~~~~~~~~~~~~~~~~~~~~~~~~~~
15.6063089371
New :
<title>~l~ ~ ~iki~~di~~/~itle~~~m~t~ ~~~~~~~~~~~~~~~~~~~~~~~~~~~~~~~~~~~~~~~~~~~~~~~~~~~~~~~~~~~~~~~~~~~~~~~~~~~~~~~~~~~~~~~~~~~~~~~~~~~~~~~~~~~~~~~~~~~~~~~~~~~~~~~~~~~~~~~~~~~~~~~~~~~~~~~~~~~~~~~~~~~~~~~~~~~~~~~~~~~~~~~~~~~~~~~~~~~~~~~~~~~~~~~~~~~~~~~~~~~~~~~~~~~~~~~~~~~~~~~~~~~~~~~~~~~~~~~~~~~~~~~~~~~~~~~~~~~~~~~~~~~~~~~~~~~~~~~~
15.5685451031
New :
<title>~~a~- Wikipédia</title>
<meta http-equiv="Content-Type" content="text/html; charset=utf-8" />
<meta http-equiv="Content-Style-Type" content="text/css" />
<meta name="generator" content="MediaWiki 1.16wmf4" />
<link rel="alternate" type="application/x-wiki" title="Modifier" href="/w/index.php?title=~~~~~~&amp;action=edit" />

27.0453410149
New :
<title>~l~ ~ ~iki~~di~~/~itle~~~m~t~ ~~~~~~~~~~~~~~~~~~~~~~~~~~~~~~~~~~~~~~~~~~~~~~~~~~~~~~~~~~~~~~~~~~~~~~~~~~~~~~~~~~~~~~~~~~~~~~~~~~~~~~~~~~~~~~~~~~~~~~~~~~~~~~~~~~~~~~~~~~~~~~~~~~~~~~~~~~~~~~~~~~~~~~~~~~~~~~~~~~~~~~~~~~~~~~~~~~~~~~~~~~~~~~~~~~~~~~~~~~~~~~~~~~~~~~~~~~~~~~~~~~~~~~~~~~~~~~~~~~~~~~~~~~~~~~~~~~~~~~~~~~~~~~~~~~~~~~~~
6.59838104248
New :
<title>~l~ ~ ~iki~~di~~/~itle~~~m~t~ ~~~~~~~~~~~~~~~~~~~~~~~~~~~~~~~~~~~~~~~~~~~~~~~~~~~~~~~~~~~~~~~~~~~~~~~~~~~~~~~~~~~~~~~~~~~~~~~~~~~~~~~~~~~~~~~~~~~~~~~~~~~~~~~~~~~~~~~~~~~~~~~~~~~~~~~~~~~~~~~~~~~~~~~~~~~~~~~~~~~~~~~~~~~~~~~~~~~~~~~~~~~~~~~~~~~~~~~~~~~~~~~~~~~~~~~~~~~~~~~~~~~~~~~~~~~~~~~~~~~~~~~~~~~~~~~~~~~~~~~~~~~~~~~~~~~~~~~~
6.47645401955
New :
<title>~~a~- Wikipédia</title>
<meta http-equiv="Content-Type" content="text/html; charset=utf-8" />
<meta http-equiv="Content-Style-Type" content="text/css" />
<meta name="generator" content="MediaWiki 1.16wmf4" />
<link rel="alternate" type="application/x-wiki" title="Modifier" href="/w/index.php?title=~~~~~~&amp;action=edit" />

26.857927084
New :
<title>~~a~- Wikipédia</title>
<meta http-equiv="Content-Type" content="text/html; charset=utf-8" />
<meta http-equiv="Content-Style-Type" content="text/css" />
<meta name="generator" content="MediaWiki 1.16wmf4" />
<link rel="alternate" type="application/x-wiki" title="Modifier" href="/w/index.php?title=~~~~~~&amp;action=edit" />

27.220664978
New :
~<title>Bla - Wikipédia</title>
<meta http-equiv="Content-Type" content="text/html; charset=utf-8" />
<meta http-equiv="Content-Style-Type" content="text/css" />
<meta name="generator" content="MediaWiki 1.16wmf4" />
<link rel="alternate" type="application/x-wiki" title="Modifier" href="/w/index.php?title=Bla ox&amp;action=edit" />
~
0.499887943268
New :
~<title>Bla - Wikipédia</title>
<meta http-equiv="Content-Type" content="text/html; charset=utf-8" />
<meta http-equiv="Content-Style-Type" content="text/css" />
<meta name="generator" content="MediaWiki 1.16wmf4" />
<link rel="alternate" type="application/x-wiki" title="Modifier" href="/w/index.php?title=Bla ox&amp;action=edit" />
~
0.551349163055
New :
~<title>Bla - Wikipédia</title>
<meta http-equiv="Content-Type" content="text/html; charset=utf-8" />
<meta http-equiv="Content-Style-Type" content="text/css" />
<meta name="generator" content="MediaWiki 1.16wmf4" />
<link rel="alternate" type="application/x-wiki" title="Modifier" href="/w/index.php?title=Bla ox&amp;action=edit" />
~
0.515980005264
New :
~<title>Bla - Wikipédia</title>
<meta http-equiv="Content-Type" content="text/html; charset=utf-8" />
<meta http-equiv="Content-Style-Type" content="text/css" />
<meta name="generator" content="MediaWiki 1.16wmf4" />
<link rel="alternate" type="application/x-wiki" title="Modifier" href="/w/index.php?title=Bla ox&amp;action=edit" />
~
0.533329963684
New :
~<title>Bla - Wikipédia</title>
<meta http-equiv="Content-Type" content="text/html; charset=utf-8" />
<meta http-equiv="Content-Style-Type" content="text/css" />
<meta name="generator" content="MediaWiki 1.16wmf4" />
<link rel="alternate" type="application/x-wiki" title="Modifier" href="/w/index.php?title=Bla ox&amp;action=edit" />
~
0.483860015869
New :
~<title>Bla - Wikipédia</title>
<meta http-equiv="Content-Type" content="text/html; charset=utf-8" />
<meta http-equiv="Content-Style-Type" content="text/css" />
<meta name="generator" content="MediaWiki 1.16wmf4" />
<link rel="alternate" type="application/x-wiki" title="Modifier" href="/w/index.php?title=Bla ox&amp;action=edit" />
~
0.498517990112
New :
~<title>Bla - Wikipédia</title>
<meta http-equiv="Content-Type" content="text/html; charset=utf-8" />
<meta http-equiv="Content-Style-Type" content="text/css" />
<meta name="generator" content="MediaWiki 1.16wmf4" />
<link rel="alternate" type="application/x-wiki" title="Modifier" href="/w/index.php?title=Bla ox&amp;action=edit" />
~
0.492361068726
New :
~<title>Bla - Wikipédia</title>
<meta http-equiv="Content-Type" content="text/html; charset=utf-8" />
<meta http-equiv="Content-Style-Type" content="text/css" />
<meta name="generator" content="MediaWiki 1.16wmf4" />
<link rel="alternate" type="application/x-wiki" title="Modifier" href="/w/index.php?title=Bla ox&amp;action=edit" />
~
0.483778953552
New :
~<title>Bla - Wikipédia</title>
<meta http-equiv="Content-Type" content="text/html; charset=utf-8" />
<meta http-equiv="Content-Style-Type" content="text/css" />
<meta name="generator" content="MediaWiki 1.16wmf4" />
<link rel="alternate" type="application/x-wiki" title="Modifier" href="/w/index.php?title=Bla ox&amp;action=edit" />
~
0.452856063843
New :
~<title>Bla - Wikipédia</title>
<meta http-equiv="Content-Type" content="text/html; charset=utf-8" />
<meta http-equiv="Content-Style-Type" content="text/css" />
<meta name="generator" content="MediaWiki 1.16wmf4" />
<link rel="alternate" type="application/x-wiki" title="Modifier" href="/w/index.php?title=Bla ox&amp;action=edit" />
~
0.449968099594
New :
~<title>Bla - Wikipédia</title>
<meta http-equiv="Content-Type" content="text/html; charset=utf-8" />
<meta http-equiv="Content-Style-Type" content="text/css" />
<meta name="generator" content="MediaWiki 1.16wmf4" />
<link rel="alternate" type="application/x-wiki" title="Modifier" href="/w/index.php?title=Bla ox&amp;action=edit" />
~
0.44127202034
New :
~<title>Bla - Wikipédia</title>
<meta http-equiv="Content-Type" content="text/html; charset=utf-8" />
<meta http-equiv="Content-Style-Type" content="text/css" />
<meta name="generator" content="MediaWiki 1.16wmf4" />
<link rel="alternate" type="application/x-wiki" title="Modifier" href="/w/index.php?title=Bla ox&amp;action=edit" />
~
0.452002048492
New :
~<title>Bla - Wikipédia</title>
<meta http-equiv="Content-Type" content="text/html; charset=utf-8" />
<meta http-equiv="Content-Style-Type" content="text/css" />
<meta name="generator" content="MediaWiki 1.16wmf4" />
<link rel="alternate" type="application/x-wiki" title="Modifier" href="/w/index.php?title=Bla ox&amp;action=edit" />
~
0.444673061371
New :
~<title>Bla - Wikipédia</title>
<meta http-equiv="Content-Type" content="text/html; charset=utf-8" />
<meta http-equiv="Content-Style-Type" content="text/css" />
<meta name="generator" content="MediaWiki 1.16wmf4" />
<link rel="alternate" type="application/x-wiki" title="Modifier" href="/w/index.php?title=Bla ox&amp;action=edit" />
~
0.458816051483
New :
<title>~~a~- Wikipédia</title>
<meta http-equiv="Content-Type" content="text/html; charset=utf-8" />
<meta http-equiv="Content-Style-Type" content="text/css" />
<meta name="generator" content="MediaWiki 1.16wmf4" />
<link rel="alternate" type="application/x-wiki" title="Modifier" href="/w/index.php?title=~~~~~~&amp;action=edit" />

26.5901808739
New :
<title>~~a~- Wikipédia</title>
<meta http-equiv="Content-Type" content="text/html; charset=utf-8" />
<meta http-equiv="Content-Style-Type" content="text/css" />
<meta name="generator" content="MediaWiki 1.16wmf4" />
<link rel="alternate" type="application/x-wiki" title="Modifier" href="/w/index.php?title=~~~~~~&amp;action=edit" />

26.8614439964
New :
~<title>Bla - Wikipédia</title>
<meta http-equiv="Content-Type" content="text/html; charset=utf-8" />
<meta http-equiv="Content-Style-Type" content="text/css" />
<meta name="generator" content="MediaWiki 1.16wmf4" />
<link rel="alternate" type="application/x-wiki" title="Modifier" href="/w/index.php?title=Bla ox&amp;action=edit" />
~
0.450935840607
New :
~<title>Bla - Wikipédia</title>
<meta http-equiv="Content-Type" content="text/html; charset=utf-8" />
<meta http-equiv="Content-Style-Type" content="text/css" />
<meta name="generator" content="MediaWiki 1.16wmf4" />
<link rel="alternate" type="application/x-wiki" title="Modifier" href="/w/index.php?title=Bla ox&amp;action=edit" />
~
0.476569890976
New :
~<title>Bla - Wikipédia</title>
<meta http-equiv="Content-Type" content="text/html; charset=utf-8" />
<meta http-equiv="Content-Style-Type" content="text/css" />
<meta name="generator" content="MediaWiki 1.16wmf4" />
<link rel="alternate" type="application/x-wiki" title="Modifier" href="/w/index.php?title=Bla ox&amp;action=edit" />
~
0.456004858017
New :
~<title>Bla - Wikipédia</title>
<meta http-equiv="Content-Type" content="text/html; charset=utf-8" />
<meta http-equiv="Content-Style-Type" content="text/css" />
<meta name="generator" content="MediaWiki 1.16wmf4" />
<link rel="alternate" type="application/x-wiki" title="Modifier" href="/w/index.php?title=Bla ox&amp;action=edit" />
~
0.486563920975
New :
~<title>Bla - Wikipédia</title>
<meta http-equiv="Content-Type" content="text/html; charset=utf-8" />
<meta http-equiv="Content-Style-Type" content="text/css" />
<meta name="generator" content="MediaWiki 1.16wmf4" />
<link rel="alternate" type="application/x-wiki" title="Modifier" href="/w/index.php?title=Bla ox&amp;action=edit" />
~
0.450314998627
New :
~<title>Bla - Wikipédia</title>
<meta http-equiv="Content-Type" content="text/html; charset=utf-8" />
<meta http-equiv="Content-Style-Type" content="text/css" />
<meta name="generator" content="MediaWiki 1.16wmf4" />
<link rel="alternate" type="application/x-wiki" title="Modifier" href="/w/index.php?title=Bla ox&amp;action=edit" />
~
0.464262008667
New :
~<title>Bla - Wikipédia</title>
<meta http-equiv="Content-Type" content="text/html; charset=utf-8" />
<meta http-equiv="Content-Style-Type" content="text/css" />
<meta name="generator" content="MediaWiki 1.16wmf4" />
<link rel="alternate" type="application/x-wiki" title="Modifier" href="/w/index.php?title=Bla ox&amp;action=edit" />
~
0.478106021881
New :
~<title>Bla - Wikipédia</title>
<meta http-equiv="Content-Type" content="text/html; charset=utf-8" />
<meta http-equiv="Content-Style-Type" content="text/css" />
<meta name="generator" content="MediaWiki 1.16wmf4" />
<link rel="alternate" type="application/x-wiki" title="Modifier" href="/w/index.php?title=Bla ox&amp;action=edit" />
~
0.514122962952
New :
~<title>Bla - Wikipédia</title>
<meta http-equiv="Content-Type" content="text/html; charset=utf-8" />
<meta http-equiv="Content-Style-Type" content="text/css" />
<meta name="generator" content="MediaWiki 1.16wmf4" />
<link rel="alternate" type="application/x-wiki" title="Modifier" href="/w/index.php?title=Bla ox&amp;action=edit" />
~
0.470555067062
New :
~<title>Bla - Wikipédia</title>
<meta http-equiv="Content-Type" content="text/html; charset=utf-8" />
<meta http-equiv="Content-Style-Type" content="text/css" />
<meta name="generator" content="MediaWiki 1.16wmf4" />
<link rel="alternate" type="application/x-wiki" title="Modifier" href="/w/index.php?title=Bla ox&amp;action=edit" />
~
0.488432884216
New :
~<title>Bla - Wikipédia</title>
<meta http-equiv="Content-Type" content="text/html; charset=utf-8" />
<meta http-equiv="Content-Style-Type" content="text/css" />
<meta name="generator" content="MediaWiki 1.16wmf4" />
<link rel="alternate" type="application/x-wiki" title="Modifier" href="/w/index.php?title=Bla ox&amp;action=edit" />
~
0.5093998909
New :
~<title>Bla - Wikipédia</title>
<meta http-equiv="Content-Type" content="text/html; charset=utf-8" />
<meta http-equiv="Content-Style-Type" content="text/css" />
<meta name="generator" content="MediaWiki 1.16wmf4" />
<link rel="alternate" type="application/x-wiki" title="Modifier" href="/w/index.php?title=Bla ox&amp;action=edit" />
~
0.48269701004
New :
~<t~tle>Bla - Wikipédia</title>
<meta http-equiv="Content-Type" content="text/html; charset=utf-8" />
<meta http-equiv="Content-Style-Type" content="text/css" />
<meta name="generator" content="MediaWiki 1.16wmf4" />
<link rel="alternate" type="application/x-wiki" title="Modifier" href="/w/index.php?title=Bla ox&amp;action=edit" />
~
0.512759923935
New :
~<t~tle>Bla - Wikipédia</title>
<meta http-equiv="Content-Type" content="text/html; charset=utf-8" />
<meta http-equiv="Content-Style-Type" content="text/css" />
<meta name="generator" content="MediaWiki 1.16wmf4" />
<link rel="alternate" type="application/x-wiki" title="Modifier" href="/w/index.php?title=Bla ox&amp;action=edit" />
~
0.477358102798
New :
~<t~tle>Bla - Wikipédia</title>
<meta http-equiv="Content-Type" content="text/html; charset=utf-8" />
<meta http-equiv="Content-Style-Type" content="text/css" />
<meta name="generator" content="MediaWiki 1.16wmf4" />
<link rel="alternate" type="application/x-wiki" title="Modifier" href="/w/index.php?title=Bla ox&amp;action=edit" />
~
0.468674898148
New :
~<t~tle>Bla - Wikipédia</title>
<meta http-equiv="Content-Type" content="text/html; charset=utf-8" />
<meta http-equiv="Content-Style-Type" content="text/css" />
<meta name="generator" content="MediaWiki 1.16wmf4" />
<link rel="alternate" type="application/x-wiki" title="Modifier" href="/w/index.php?title=Bla ox&amp;action=edit" />
~
0.489737987518
New :
~<t~tle>Bla - Wikipédia</title>
<meta http-equiv="Content-Type" content="text/html; charset=utf-8" />
<meta http-equiv="Content-Style-Type" content="text/css" />
<meta name="generator" content="MediaWiki 1.16wmf4" />
<link rel="alternate" type="application/x-wiki" title="Modifier" href="/w/index.php?title=Bla ox&amp;action=edit" />
~
0.605988025665
New :
~<t~tle>Bla - Wikipédia</title>
<meta http-equiv="Content-Type" content="text/html; charset=utf-8" />
<meta http-equiv="Content-Style-Type" content="text/css" />
<meta name="generator" content="MediaWiki 1.16wmf4" />
<link rel="alternate" type="application/x-wiki" title="Modifier" href="/w/index.php?title=Bla ox&amp;action=edit" />
~
0.472935914993
New :
~<t~tle>Bla - Wikipédia</title>
<meta http-equiv="Content-Type" content="text/html; charset=utf-8" />
<meta http-equiv="Content-Style-Type" content="text/css" />
<meta name="generator" content="MediaWiki 1.16wmf4" />
<link rel="alternate" type="application/x-wiki" title="Modifier" href="/w/index.php?title=Bla ox&amp;action=edit" />
~
0.468354940414
New :
~<t~t~e~B~a~-~W~k~p~d~a~/~i~l~>~<~e~a~h~t~-~q~i~=~C~n~e~t~T~p~"~c~n~e~t~"~e~t~h~m~;~c~a~s~t~u~f~8~ ~>~<~e~a~h~t~-~q~i~=~C~n~e~t~S~y~e~T~p~"~c~n~e~t~"~e~t~c~s~ ~>~<~e~a~n~m~=~g~n~r~t~r~ ~o~t~n~=~M~d~a~i~i~1~1~w~f~"~/~
~l~n~ ~e~=~a~t~r~a~e~ ~y~e~"~p~l~c~t~o~/~-~i~i~ ~i~l~=~M~d~f~e~"~h~e~=~/~/~n~e~.~h~?~i~l~=~l~ ~x~a~p~a~t~o~=~d~t~ ~>~
3.61460995674
New :
~<t~t~e~B~a~-~W~k~p~d~a~/~i~l~>~<~e~a~h~t~-~q~i~=~C~n~e~t~T~p~"~c~n~e~t~"~e~t~h~m~;~c~a~s~t~u~f~8~ ~>~<~e~a~h~t~-~q~i~=~C~n~e~t~S~y~e~T~p~"~c~n~e~t~"~e~t~c~s~ ~>~<~e~a~n~m~=~g~n~r~t~r~ ~o~t~n~=~M~d~a~i~i~1~1~w~f~"~/~
~l~n~ ~e~=~a~t~r~a~e~ ~y~e~"~p~l~c~t~o~/~-~i~i~ ~i~l~=~M~d~f~e~"~h~e~=~/~/~n~e~.~h~?~i~l~=~l~ ~x~a~p~a~t~o~=~d~t~ ~>~
7.03284883499
New :
~<t~t~e~B~a~-~W~k~p~d~a~/~i~l~>~<~e~a~h~t~-~q~i~=~C~n~e~t~T~p~"~c~n~e~t~"~e~t~h~m~;~c~a~s~t~u~f~8~ ~>~<~e~a~h~t~-~q~i~=~C~n~e~t~S~y~e~T~p~"~c~n~e~t~"~e~t~c~s~ ~>~<~e~a~n~m~=~g~n~r~t~r~ ~o~t~n~=~M~d~a~i~i~1~1~w~f~"~/~
~l~n~ ~e~=~a~t~r~a~e~ ~y~e~"~p~l~c~t~o~/~-~i~i~ ~i~l~=~M~d~f~e~"~h~e~=~/~/~n~e~.~h~?~i~l~=~l~ ~x~a~p~a~t~o~=~d~t~ ~>~
6.92588019371
New :
~<t~t~e~B~a~-~W~k~p~d~a~/~i~l~>~<~e~a~h~t~-~q~i~=~C~n~e~t~T~p~"~c~n~e~t~"~e~t~h~m~;~c~a~s~t~u~f~8~ ~>~<~e~a~h~t~-~q~i~=~C~n~e~t~S~y~e~T~p~"~c~n~e~t~"~e~t~c~s~ ~>~<~e~a~n~m~=~g~n~r~t~r~ ~o~t~n~=~M~d~a~i~i~1~1~w~f~"~/~
~l~n~ ~e~=~a~t~r~a~e~ ~y~e~"~p~l~c~t~o~/~-~i~i~ ~i~l~=~M~d~f~e~"~h~e~=~/~/~n~e~.~h~?~i~l~=~l~ ~x~a~p~a~t~o~=~d~t~ ~>~
7.07096290588
New :
~<t~t~e~B~a~-~W~k~p~d~a~/~i~l~>~<~e~a~h~t~-~q~i~=~C~n~e~t~T~p~"~c~n~e~t~"~e~t~h~m~;~c~a~s~t~u~f~8~ ~>~<~e~a~h~t~-~q~i~=~C~n~e~t~S~y~e~T~p~"~c~n~e~t~"~e~t~c~s~ ~>~<~e~a~n~m~=~g~n~r~t~r~ ~o~t~n~=~M~d~a~i~i~1~1~w~f~"~/~
~l~n~ ~e~=~a~t~r~a~e~ ~y~e~"~p~l~c~t~o~/~-~i~i~ ~i~l~=~M~d~f~e~"~h~e~=~/~/~n~e~.~h~?~i~l~=~l~ ~x~a~p~a~t~o~=~d~t~ ~>~
7.20881915092
New :
~<t~t~e~B~a~-~W~k~p~d~a~/~i~l~>~<~e~a~h~t~-~q~i~=~C~n~e~t~T~p~"~c~n~e~t~"~e~t~h~m~;~c~a~s~t~u~f~8~ ~>~<~e~a~h~t~-~q~i~=~C~n~e~t~S~y~e~T~p~"~c~n~e~t~"~e~t~c~s~ ~>~<~e~a~n~m~=~g~n~r~t~r~ ~o~t~n~=~M~d~a~i~i~1~1~w~f~"~/~
~l~n~ ~e~=~a~t~r~a~e~ ~y~e~"~p~l~c~t~o~/~-~i~i~ ~i~l~=~M~d~f~e~"~h~e~=~/~/~n~e~.~h~?~i~l~=~l~ ~x~a~p~a~t~o~=~d~t~ ~>~
6.90029001236
New :
~<t~t~e~B~a~-~W~k~p~d~a~/~i~l~>~<~e~a~h~t~-~q~i~=~C~n~e~t~T~p~"~c~n~e~t~"~e~t~h~m~;~c~a~s~t~u~f~8~ ~>~<~e~a~h~t~-~q~i~=~C~n~e~t~S~y~e~T~p~"~c~n~e~t~"~e~t~c~s~ ~>~<~e~a~n~m~=~g~n~r~t~r~ ~o~t~n~=~M~d~a~i~i~1~1~w~f~"~/~
~l~n~ ~e~=~a~t~r~a~e~ ~y~e~"~p~l~c~t~o~/~-~i~i~ ~i~l~=~M~d~f~e~"~h~e~=~/~/~n~e~.~h~?~i~l~=~l~ ~x~a~p~a~t~o~=~d~t~ ~>~
7.04075813293
New :
~<t~t~e~B~a~-~W~k~p~d~a~/~i~l~>~<~e~a~h~t~-~q~i~=~C~n~e~t~T~p~"~c~n~e~t~"~e~t~h~m~;~c~a~s~t~u~f~8~ ~>~<~e~a~h~t~-~q~i~=~C~n~e~t~S~y~e~T~p~"~c~n~e~t~"~e~t~c~s~ ~>~<~e~a~n~m~=~g~n~r~t~r~ ~o~t~n~=~M~d~a~i~i~1~1~w~f~"~/~
~l~n~ ~e~=~a~t~r~a~e~ ~y~e~"~p~l~c~t~o~/~-~i~i~ ~i~l~=~M~d~f~e~"~h~e~=~/~/~n~e~.~h~?~i~l~=~l~ ~x~a~p~a~t~o~=~d~t~ ~>~
7.18965482712
New :
~<t~t~e~B~a~-~W~k~p~d~a~/~i~l~>~<~e~a~h~t~-~q~i~=~C~n~e~t~T~p~"~c~n~e~t~"~e~t~h~m~;~c~a~s~t~u~f~8~ ~>~<~e~a~h~t~-~q~i~=~C~n~e~t~S~y~e~T~p~"~c~n~e~t~"~e~t~c~s~ ~>~<~e~a~n~m~=~g~n~r~t~r~ ~o~t~n~=~M~d~a~i~i~1~1~w~f~"~/~
~l~n~ ~e~=~a~t~r~a~e~ ~y~e~"~p~l~c~t~o~/~-~i~i~ ~i~l~=~M~d~f~e~"~h~e~=~/~/~n~e~.~h~?~i~l~=~l~ ~x~a~p~a~t~o~=~d~t~ ~>~
6.62557005882
New :
~<~t~i~t~l~e~>~B~l~a~
0.00329208374023
New :
~<~t~i~t~l~e~>~B~l~a~
0.00334310531616
New :
~<~t~i~t~l~e~>~B~l~a~
0.00353097915649
New :
~<~t~i~t~l~e~>~B~l~a~
0.00308990478516
New :
~<~t~i~t~l~e~>~B~l~a~
0.00405502319336
New :
~<~t~i~t~l~e~>~B~l~a~
0.00583815574646
New :
~<~t~i~t~l~e~>~B~l~a~
0.00618100166321
New :
~<title>B~t~i~t~l~e~>~B~l~a~
0.0011351108551
New :
~<title>B~t~i~t~l~e~>~B~l~a~
0.00118279457092
New :
~<title>B~t~i~t~l~e~>~B~l~a~
0.00945401191711
New :
~<title>B~t~i~t~l~e~>~B~l~a~
0.00128507614136
New :
~<title>B~t~i~t~l~e~>~B~l~a~
0.00226712226868
New :
~<title~title~itle~tle~le~e~~~~~
0.00448393821716
New :
~<title>~title>~itle>~tle>~le>~e>~>~~~~
0.0022919178009
New :
~<title>~~
0.000530004501343
New :
[u'<title>', u'']
0.000501871109009
New :
[u'<title>', u'']
0.0014021396637
New :
[u'<title>', u'']
0.000509977340698
New :
[u'<title>', u'']
0.000515937805176
New :
[u'<title>', u'l']
0.000550985336304
New :
~<title>~l~
0.00174999237061
New :
~<title>~l~
0.000581026077271
New :
~<title>~l~
0.000571012496948
New :
~<title>~l~
0.000545978546143
New :
~<title>~l~
0.000571012496948
New :
~<title>~l~
0.0017101764679
New :
~<title>~l~
0.000842094421387
New :
~<title>~~~
0.000591039657593
New :
~<title>~~~
0.000550031661987
New :
~<title>~~~
0.00055980682373
New :
~<title>~
0.000518798828125
New :
~<title>~l~ ~ ~iki~di~/~itle~
~
0.179088115692
New :

2.79247784615
New :

2.85899496078
New :
~<!DOCTYPE html PUBLIC "-//W3C//DTD XHTML 1.0 Transitional//EN" "http://www.w3.org/TR/xhtml1/DTD/xhtml1-transitional.dtd">
<html xmlns="http://www.w3.org/1999/xhtml" lang="fr" dir="ltr">
<head>
<title>~l~ ~ Wikipédia~/~itle~
<~et~ h~tp~e~i~="~on~en~" ~/~>
~
2.78598809242
New :
<title>~~a~- Wikipédia</title>
<meta http-equiv="Content-Type" content="text/html; charset=utf-8" />
<meta http-equiv="Content-Style-Type" content="text/css" />
<meta name="generator" content="MediaWiki 1.16wmf4" />
<link rel="alternate" type="application/x-wiki" title="Modifier" href="/w/index.php?title=~~~~~~&amp;action=edit" />

26.5915389061
New :
~<title>~l~ ~ ~iki~di~/~itle~
~
0.145196199417
New :
~<title>~ed~ ~a~i~-~Wikipédia~/~itle~
<~et~ h~tp~e~i~="~on~en~" ~/~>
~
0.585140943527
New :
<~itle>~ed~ ~a~i~-~Wikipédia~/~itle~~~m~t~~~~~p~~~~i~~~~on~~~~~~~~e~~~~~~~~~~~~~~~~~~~~~~~~~~~~~~~~~~~~~~~~~~et~ h~~~~~~~~~~~~~~t~~~~~~~~~~~~~~~~~~~~~~~~~~~~~~~~~~~~~~~~~~~~~~~~~~~~~~~~~~~"~~~~~~~~~~~edia~~~~~~~~~~~~~~~~~~~~~~~~~~~~~~~~e~~~~~~~~~~~~~~~~~i~~~~~~~~~~i~~~~~~~~~~~~~~~~~~~~~~~~~~~~~~~~~~~~~~~~~~t~~~~~~~~~~~~~~~~~~~~~~~~~~~~" />

59.1722180843
New :
~<title>~ed~ ~a~i~-~Wikipédia~/~itle~
<~et~ h~tp~e~i~="~on~en~" ~/~>
~
0.600862026215
New :
~<title>Nedo Nadi - Wikipédia</title>
<meta http-equiv="Content-Type" content="text/html; charset=utf-8" />
<meta http-equiv="Content-Style-Type" content="text/css" />
<meta name="generator" content="MediaWiki 1.16wmf4" />
<link rel="alternate" type="application/x-wiki" title="Modifier" href="/w/index.php?title=Nedo_Nadi&amp;action=edit" />
~
1.24433016777
New :
~<title>Nedo Nadi - Wikipédia</title>
<meta http-equiv="Content-Type" content="text/html; charset=utf-8" />
<meta http-equiv="Content-Style-Type" content="text/css" />
<meta name="generator" content="MediaWiki 1.16wmf4" />
<link rel="alternate" type="application/x-wiki" title="Modifier" href="/w/index.php?title=Nedo_Nadi&amp;action=edit" />
~
1.31380105019
New :
~<title>Nedo Nadi - Wikipédia</title>
<meta http-equiv="Content-Type" content="text/html; charset=utf-8" />
<meta http-equiv="Content-Style-Type" content="text/css" />
<meta name="generator" content="MediaWiki 1.16wmf4" />
<link rel="alternate" type="application/x-wiki" title="Modifier" href="/w/index.php?title=Nedo_Nadi&amp;action=edit" />
~
1.26589202881
New :
~<title>Nedo Nadi - Wikipédia</title>
<meta http-equiv="Content-Type" content="text/html; charset=utf-8" />
<meta http-equiv="Content-Style-Type" content="text/css" />
<meta name="generator" content="MediaWiki 1.16wmf4" />
<link rel="alternate" type="application/x-wiki" title="Modifier" href="/w/index.php?title=Nedo_Nadi&amp;action=edit" />
~
1.24366807938
New :
~<title>Nedo Nadi - Wikipédia</title>
<meta http-equiv="Content-Type" content="text/html; charset=utf-8" />
<meta http-equiv="Content-Style-Type" content="text/css" />
<meta name="generator" content="MediaWiki 1.16wmf4" />
<link rel="alternate" type="application/x-wiki" title="Modifier" href="/w/index.php?title=Nedo_Nadi&amp;action=edit" />
~
1.20445418358
New :
~<title>Nedo Nadi - Wikipédia</title>
<meta http-equiv="Content-Type" content="text/html; charset=utf-8" />
<meta http-equiv="Content-Style-Type" content="text/css" />
<meta name="generator" content="MediaWiki 1.16wmf4" />
<link rel="alternate" type="application/x-wiki" title="Modifier" href="/w/index.php?title=Nedo_Nadi&amp;action=edit" />
~
1.24903988838
New :
~<title>Nedo Nadi - Wikipédia</title>
<meta http-equiv="Content-Type" content="text/html; charset=utf-8" />
<meta http-equiv="Content-Style-Type" content="text/css" />
<meta name="generator" content="MediaWiki 1.16wmf4" />
<link rel="alternate" type="application/x-wiki" title="Modifier" href="/w/index.php?title=Nedo_Nadi&amp;action=edit" />
~
1.22941184044
New :
~<title>Nedo Nadi - Wikipédia</title>
<meta http-equiv="Content-Type" content="text/html; charset=utf-8" />
<meta http-equiv="Content-Style-Type" content="text/css" />
<meta name="generator" content="MediaWiki 1.16wmf4" />
<link rel="alternate" type="application/x-wiki" title="Modifier" href="/w/index.php?title=Nedo_Nadi&amp;action=edit" />
~
1.25761008263
New :
~<title>Nedo Nadi - Wikipédia</title>
<meta http-equiv="Content-Type" content="text/html; charset=utf-8" />
<meta http-equiv="Content-Style-Type" content="text/css" />
<meta name="generator" content="MediaWiki 1.16wmf4" />
<link rel="alternate" type="application/x-wiki" title="Modifier" href="/w/index.php?title=Nedo_Nadi&amp;action=edit" />
~
1.20914793015
New :
~<title>Nedo Nadi - Wikipédia</title>
<meta http-equiv="Content-Type" content="text/html; charset=utf-8" />
<meta http-equiv="Content-Style-Type" content="text/css" />
<meta name="generator" content="MediaWiki 1.16wmf4" />
<link rel="alternate" type="application/x-wiki" title="Modifier" href="/w/index.php?title=Nedo_Nadi&amp;action=edit" />
~
1.17076802254
New :
~<title>Nedo Nadi - Wikipédia</title>
<meta http-equiv="Content-Type" content="text/html; charset=utf-8" />
<meta http-equiv="Content-Style-Type" content="text/css" />
<meta name="generator" content="MediaWiki 1.16wmf4" />
<link rel="alternate" type="application/x-wiki" title="Modifier" href="/w/index.php?title=Nedo_Nadi&amp;action=edit" />
~
1.17346000671
New :
~<head>
<title>Nedo Nadi - Wikipédia</title>
<meta http-equiv="Content-Type" content="text/html; charset=utf-8" />
<meta http-equiv="Content-Style-Type" content="text/css" />
<meta name="generator" content="MediaWiki 1.16wmf4" />
<link rel="alternate" type="application/x-wiki" title="Modifier" href="/w/index.php?title=Nedo_Nadi&amp;action=edit" />
~
1.1998000145
New :
~<head>
<title>Nedo Nadi - Wikipédia</title>
<meta http-equiv="Content-Type" content="text/html; charset=utf-8" />
<meta http-equiv="Content-Style-Type" content="text/css" />
<meta name="generator" content="MediaWiki 1.16wmf4" />
<link rel="alternate" type="application/x-wiki" title="Modifier" href="/w/index.php?title=Nedo_Nadi&amp;action=edit" />
~
1.32042121887
New :
~<head>
<title>~ - Wikipédia</title>
<meta http-equiv="Content-Type" content="text/html; charset=utf-8" />
<meta http-equiv="Content-Style-Type" content="text/css" />
<meta name="generator" content="MediaWiki 1.16wmf4" />
<link rel="alternate" type="application/x-wiki" title="Modifier" href="/w/index.php?title=~&amp;action=edit" />~
0.254646062851
New :
~<head>
<title>~ - Wikipédia</title>
<meta http-equiv="Content-Type" content="text/html; charset=utf-8" />
<meta http-equiv="Content-Style-Type" content="text/css" />
<meta name="generator" content="MediaWiki 1.16wmf4" />
<link rel="alternate" type="application/x-wiki" title="Modifier" href="/w/index.php?title=~&amp;action=edit" />~
0.317939996719
New :
~<head>
<title>~ - Wikipédia</title>
<meta http-equiv="Content-Type" content="text/html; charset=utf-8" />
<meta http-equiv="Content-Style-Type" content="text/css" />
<meta name="generator" content="MediaWiki 1.16wmf4" />
<link rel="alternate" type="application/x-wiki" title="Modifier" href="/w/index.php?title=~&amp;action=edit" />~
0.283010005951
New :
~<head>
<title>~ - Wikipédia</title>
<meta http-equiv="Content-Type" content="text/html; charset=utf-8" />
<meta http-equiv="Content-Style-Type" content="text/css" />
<meta name="generator" content="MediaWiki 1.16wmf4" />
<link rel="alternate" type="application/x-wiki" title="Modifier" href="/w/index.php?title=~&amp;action=edit" />~
0.123350858688
New :
~<head>
<title>~ - Wikipédia</title>
<meta http-equiv="Content-Type" content="text/html; charset=utf-8" />
<meta http-equiv="Content-Style-Type" content="text/css" />
<meta name="generator" content="MediaWiki 1.16wmf4" />
<link rel="alternate" type="application/x-wiki" title="Modifier" href="/w/index.php?title=~&amp;action=edit" />~
0.0652549266815
New :
~<head>
<title>~ - Wikipédia</title>
<meta http-equiv="Content-Type" content="text/html; charset=utf-8" />
<meta http-equiv="Content-Style-Type" content="text/css" />
<meta name="generator" content="MediaWiki 1.16wmf4" />
<link rel="alternate" type="application/x-wiki" title="Modifier" href="/w/index.php?title=~&amp;action=edit" />~
0.0643661022186
New :
~<head>
<title>~ - Wikipédia</title>
<meta http-equiv="Content-Type" content="text/html; charset=utf-8" />
<meta http-equiv="Content-Style-Type" content="text/css" />
<meta name="generator" content="MediaWiki 1.16wmf4" />
<link rel="alternate" type="application/x-wiki" title="Modifier" href="/w/index.php?title=~&amp;action=edit" />~
0.123350143433
New :
~<head>
<title>~ - Wikipédia</title>
<meta http-equiv="Content-Type" content="text/html; charset=utf-8" />
<meta http-equiv="Content-Style-Type" content="text/css" />
<meta name="generator" content="MediaWiki 1.16wmf4" />
<link rel="alternate" type="application/x-wiki" title="Modifier" href="/w/index.php?title=~&amp;action=edit" />~
0.0652480125427
New :
~<!DOCTYPE html PUBLIC "-//W3C//DTD XHTML 1.0 Transitional//EN" "http://www.w3.org/TR/xhtml1/DTD/xhtml1-transitional.dtd">
<html xmlns="http://www.w3.org/1999/xhtml" lang="fr" dir="ltr">
<head>
<title>~ - Wikipédia</title>
<meta http-equiv="Content-Type" content="text/html; charset=utf-8" />
<meta http-equiv="Content-Style-Type" content="text/css" />
<meta name="generator" content="MediaWiki 1.16wmf4" />
<link rel="alternate" type="application/x-wiki" title="Modifier" href="/w/index.php?title=~&amp;action=edit" />
<link rel="edit" title="Modifier" href="/w/index.php?title=~&amp;action=edit" />
<link rel="apple-touch-icon" href="http://fr.wikipedia.org/apple-touch-icon.png" />
<link rel="shortcut icon" href="/favicon.ico" />
<link rel="search" type="application/opensearchdescription+xml" href="/w/opensearch_desc.php" title="Wikipédia (fr)" />
<link rel="copyright" href="http://creativecommons.org/licenses/by-sa/3.0/" />
<link rel="alternate" type="application/atom+xml" title="Flux Atom de Wikipédia" href="/w/index.php?title=Sp%C3%A9cial:Modifications_r%C3%A9centes&amp;feed=atom" />
<link rel="stylesheet" href="http://bits.wikimedia.org/skins-1.5/vector/main-ltr.css?283-19" type="text/css" media="screen" />
<link rel="stylesheet" href="http://bits.wikimedia.org/skins-1.5/common/shared.css?283-19" type="text/css" media="screen" />~
0.120722770691
New :
~<!DOCTYPE html PUBLIC "-//W3C//DTD XHTML 1.0 Transitional//EN" "http://www.w3.org/TR/xhtml1/DTD/xhtml1-transitional.dtd">
<html xmlns="http://www.w3.org/1999/xhtml" lang="fr" dir="ltr">
<head>
<title>~ - Wikipédia</title>
<meta http-equiv="Content-Type" content="text/html; charset=utf-8" />
<meta http-equiv="Content-Style-Type" content="text/css" />
<meta name="generator" content="MediaWiki 1.16wmf4" />
<link rel="alternate" type="application/x-wiki" title="Modifier" href="/w/index.php?title=~&amp;action=edit" />
<link rel="edit" title="Modifier" href="/w/index.php?title=~&amp;action=edit" />
<link rel="apple-touch-icon" href="http://fr.wikipedia.org/apple-touch-icon.png" />
<link rel="shortcut icon" href="/favicon.ico" />
<link rel="search" type="application/opensearchdescription+xml" href="/w/opensearch_desc.php" title="Wikipédia (fr)" />
<link rel="copyright" href="http://creativecommons.org/licenses/by-sa/3.0/" />
<link rel="alternate" type="application/atom+xml" title="Flux Atom de Wikipédia" href="/w/index.php?title=Sp%C3%A9cial:Modifications_r%C3%A9centes&amp;feed=atom" />
<link rel="stylesheet" href="http://bits.wikimedia.org/skins-1.5/vector/main-ltr.css?283-19" type="text/css" media="screen" />
<link rel="stylesheet" href="http://bits.wikimedia.org/skins-1.5/common/shared.css?283-19" type="text/css" media="screen" />~
0.112092971802
New :
~<!DOCTYPE html PUBLIC "-//W3C//DTD XHTML 1.0 Transitional//EN" "http://www.w3.org/TR/xhtml1/DTD/xhtml1-transitional.dtd">
<html xmlns="http://www.w3.org/1999/xhtml" lang="fr" dir="ltr">
<head>
<title>~la ~ Wikipédia</~itle~a h~uiv~"Con~ent~ype~="text/~tml~>

~
843.158529043
New :
~<!DOCTYPE html PUBLIC "-//W3C//DTD XHTML 1.0 Transitional//EN" "http://www.w3.org/TR/xhtml1/DTD/xhtml1-transitional.dtd">
<html xmlns="http://www.w3.org/1999/xhtml" lang="fr" dir="ltr">
<head>
<title>~ - Wikipédia</title>
<meta http-equiv="Content-Type" content="text/html; charset=utf-8" />
<meta http-equiv="Content-Style-Type" content="text/css" />
<meta name="generator" content="MediaWiki 1.16wmf4" />
<link rel="alternate" type="application/x-wiki" title="Modifier" href="/w/index.php?title=~&amp;action=edit" />
<link rel="edit" title="Modifier" href="/w/index.php?title=~&amp;action=edit" />
<link rel="apple-touch-icon" href="http://fr.wikipedia.org/apple-touch-icon.png" />
<link rel="shortcut icon" href="/favicon.ico" />
<link rel="search" type="application/opensearchdescription+xml" href="/w/opensearch_desc.php" title="Wikipédia (fr)" />
<link rel="copyright" href="http://creativecommons.org/licenses/by-sa/3.0/" />
<link rel="alternate" type="application/atom+xml" title="Flux Atom de Wikipédia" href="/w/index.php?title=Sp%C3%A9cial:Modifications_r%C3%A9centes&amp;feed=atom" />
<link rel="stylesheet" href="http://bits.wikimedia.org/skins-1.5/vector/main-ltr.css?283-19" type="text/css" media="screen" />
<link rel="stylesheet" href="http://bits.wikimedia.org/skins-1.5/common/shared.css?283-19" type="text/css" media="screen" />

<link rel="stylesheet" href="http://bits.wikimedia.org/skins-1.5/common/commonPrint.css?283-19" type="text/css" media="print" />
<link rel="stylesheet" href="http://bits.wikimedia.org/w/extensions/UsabilityInitiative/css/combined.min.css?117" type="text/css" media="all" />
<link rel="stylesheet" href="http://bits.wikimedia.org/w/extensions/UsabilityInitiative/css/vector/jquery-ui-1.7.2.css?1.7.2y" type="text/css" media="all" />
<link rel="stylesheet" href="/w/index.php?title=MediaWiki:Common.css&amp;usemsgcache=yes&amp;ctype=text%2Fcss&amp;smaxage=2678400&amp;action=raw&amp;maxage=2678400" type="text/css" media="all" />
<link rel="stylesheet" href="/w/index.php?title=MediaWiki:Print.css&amp;usemsgcache=yes&amp;ctype=text%2Fcss&amp;smaxage=2678400&amp;action=raw&amp;maxage=2678400" type="text/css" media="print" />
<link rel="stylesheet" href="/w/index.php?title=MediaWiki:Handheld.css&amp;usemsgcache=yes&amp;ctype=text%2Fcss&amp;smaxage=2678400&amp;action=raw&amp;maxage=2678400" type="text/css" media="handheld" />
<link rel="stylesheet" href="/w/index.php?title=MediaWiki:Vector.css&amp;usemsgcache=yes&amp;ctype=text%2Fcss&amp;smaxage=2678400&amp;action=raw&amp;maxage=2678400" type="text/css" media="all" />
<link rel="stylesheet" href="/w/index.php?title=-&amp;action=raw&amp;maxage=2678400&amp;gen=css" type="text/css" media="all" />
<script type="text/javascript">
var skin="vector",
stylepath="http://bits.wikimedia.org/skins-1.5",
wgUrlProtocols="http\:\/\/|https\:\/\/|ftp\:\/\/|irc\:\/\/|gopher\:\/\/|telnet\:\/\/|nntp\:\/\/|worldwind\:\/\/|mailto\:|news\:|svn\:\/\/",
wgArticlePath="/wiki/$1",
wgScriptPath="/w",
wgScriptExtension=".php",
wgScript="/w/index.php",
wgVariantArticlePath=false,
wgActionPaths={},
wgServer="http://fr.wikipedia.org",
wgCanonicalNamespace="",
wgCanonicalSpecialPageName=false,
wgNamespaceNumber=0,
wgPageName="~a",
wg~itle="B~Action~rticle~rticle~Version~itle="Wikipédia:A~"Wiki~media~media~.org/~</script>~		<!-- ~			</~body>
</html~
1458.60479403
New :
<title>~~~
0.0841331481934
New :
<title>~~~
0.040372133255
New :
~<title>Bla~
0.010085105896
New :
<title>~~~
0.0398011207581
New :
<title>~~~
0.0383880138397
New :
<title>~~~
0.0463819503784
New :
<title>~~~
0.0411999225616
New :
~<~t~i~t~l~e~>~B~l~a~
0.0122039318085
New :
~<title>~~~
0.000552177429199
New :
~<title>~
0.000149011611938
New :
~<title>~
0.000148057937622
New :
~<title>~~~
0.000549077987671
New :
~<title>~~~
0.000550031661987
New :
~<title>~
0.000147104263306
New :
~<title>~
0.00014591217041
New :
~<title>B~
0.000133991241455
New :
~<title>B~
0.000131130218506
New :
~<title>~
0.000143051147461
New :
<title>~~~
0.0422699451447
New :
<title>~~~
0.0382800102234
New :
~<title>~~~
0.00055193901062
New :
~<title>~
0.000138998031616
New :
~<title>~~~
0.000630855560303
New :
~<title>~~~
0.000545024871826
New :
~<title>~
0.000513076782227
New :
~<title>~
0.000144958496094
New :
~<title>~a~
0.000598192214966
New :
~<title>~a~
0.000519037246704
New :
~<title>~
0.000138998031616
New :
~<title>~a~
0.00053596496582
New :
~<title>Bla~
0.0103080272675
New :
~<title>Bla~
0.00997805595398
New :
<title>~~~
0.0107200145721
New :
~<title>Bla~
0.0119471549988
New :
<title>~~~
0.0140810012817
New :
<title>~~~
0.0187079906464
New :
<title>~~~
0.010617017746
New :
<~itle>~~a~- Wikipédia</title>
<meta http-equiv="Content-Type" content="text/html; charset=utf-8" />
<meta http-equiv="Content-Style-Type" content="text/css" />
<meta name="generator" content="MediaWiki 1.16wmf4" />
<link rel="alternate" type="application/x-wiki" title="Modifier" href="/w/index.php?title=~~~~~~&amp;action=edit" />

27.4482531548
New :
~
4.79221343994e-05
New :
~
5.19752502441e-05
New :
~
0.000101089477539
New :
~
5.29289245605e-05
New :
~
0.000353097915649
New :
~
0.000357866287231
New :
~
0.000356912612915
New :
~
0.000365018844604
New :
~
0.000404119491577
New :
~
0.000422954559326
New :
~
0.000428199768066
New :
~
0.00043797492981
New :
~
0.000423192977905
New :
~
0.000413179397583
New :
~
0.000464916229248
New :
~
0.000411033630371
New :
~
0.000416994094849
New :
~
0.000479936599731
New :
~
0.000335931777954
New :
~
0.000354051589966
New :
~
0.000343084335327
New :
~
0.000212907791138
New :
~
0.00021505355835
New :
~<title>~B~l~a~
0.000504016876221
New :
~<title>~B~l~a~
0.04856300354
New :
~<title>~B~l~a~
0.000473976135254
New :
~<title>~B~l~a~
0.000483989715576
New :
~<title>~B~l~<title>~a~l~<title>~a~<title>~a~
0.000977039337158
New :
~<title>~B~l~<title>~a~l~<title>~a~<title>~a~
0.000463962554932
New :
~<title>~B~l~a~
0.000498056411743
New :
~<title>~~~a~
0.00049614906311
New :
~<title>~<title>~a~a~
0.000442981719971
New :
~<title>~<title>~a~a~
0.000491142272949
New :
~<title>~<title>~a~a~
0.000478029251099
New :
~<title>~a~
0.00042200088501
New :
~<title>~a~ - Wikipédia</title>
<meta http-equiv="Content-Type" content="text/html; charset=utf-8" />
<meta http-equiv="Content-Style-Type" content="text/css" />
<meta name="generator" content="MediaWiki 1.16wmf4" />
<link rel="alternate" type="application/x-wiki" title="Modifier" href="/w/index.php?title=~l~&amp;action=edit" />
~
0.461978912354
New :
~<title>~a~ - Wikipédia</title>
<meta http-equiv="Content-Type" content="text/html; charset=utf-8" />
<meta http-equiv="Content-Style-Type" content="text/css" />
<meta name="generator" content="MediaWiki 1.16wmf4" />
<link rel="alternate" type="application/x-wiki" title="Modifier" href="/w/index.php?title=~l~&amp;action=edit" />
~
0.0426380634308
New :
~<title>~a~ - Wikipédia</title>
<meta http-equiv="Content-Type" content="text/html; charset=utf-8" />
<meta http-equiv="Content-Style-Type" content="text/css" />
<meta name="generator" content="MediaWiki 1.16wmf4" />
<link rel="alternate" type="application/x-wiki" title="Modifier" href="/w/index.php?title=~l~&amp;action=edit" />
~
0.0406320095062
New :
~<title>~a~ - Wikipédia</title>
<meta http-equiv="Content-Type" content="text/html; charset=utf-8" />
<meta http-equiv="Content-Style-Type" content="text/css" />
<meta name="generator" content="MediaWiki 1.16wmf4" />
<link rel="alternate" type="application/x-wiki" title="Modifier" href="/w/index.php?title=~l~&amp;action=edit" />
~
0.0427761077881
New :
~<title>~a~
0.000216007232666
New :
~<title>~a~
0.000270128250122
New :
~<title>~Erf~
0.000439882278442
New :
~<title>~Erf~
0.000555992126465
New :
~<title>~Erf~
0.000501871109009
New :
~<title>~Erf~
0.000518083572388
New :
~<title>~Erf~
0.00115704536438
New :
~<title>~a~Erf~
0.00144195556641
New :
~<title>~ - Wikipédia</title>
<meta http-equiv="Content-Type" content="text/html; charset=utf-8" />
<meta http-equiv="Content-Style-Type" content="text/css" />
<meta name="generator" content="MediaWiki 1.16wmf4" />
<link rel="alternate" type="application/x-wiki" title="Modifier" href="/w/index.php?title=~
0.894009828568
New :
~<title>~ - Wikipédia</title>
<meta http-equiv="Content-Type" content="text/html; charset=utf-8" />
<meta http-equiv="Content-Style-Type" content="text/css" />
<meta name="generator" content="MediaWiki 1.16wmf4" />
<link rel="alternate" type="application/x-wiki" title="Modifier" href="/w/index.php?title=~
0.862471103668
New :
~<title>~ - Wikipédia</title>
<meta http-equiv="Content-Type" content="text/html; charset=utf-8" />
<meta http-equiv="Content-Style-Type" content="text/css" />
<meta name="generator" content="MediaWiki 1.16wmf4" />
<link rel="alternate" type="application/x-wiki" title="Modifier" href="/w/index.php?title=~
0.120202064514
New :
~<!DOCTYPE html PUBLIC "-//W3C//DTD XHTML 1.0 Transitional//EN" "http://www.w3.org/TR/xhtml1/DTD/xhtml1-transitional.dtd">
<html xmlns="http://www.w3.org/1999/xhtml" lang="fr" dir="ltr">
<head>
<title>~ - Wikipédia</title>
<meta http-equiv="Content-Type" content="text/html; charset=utf-8" />
<meta http-equiv="Content-Style-Type" content="text/css" />
<meta name="generator" content="MediaWiki 1.16wmf4" />
<link rel="alternate" type="application/x-wiki" title="Modifier" href="/w/index.php?title=~&amp;action=edit" />
<link rel="apple-touch-icon" href="http://fr.wikipedia.org/apple-touch-icon.png" />
<link rel="shortcut icon" href="/favicon.ico" />
<link rel="search" type="application/opensearchdescription+xml" href="/w/opensearch_desc.php" title="Wikipédia (fr)" />
<link rel="copyright" href="http://creativecommons.org/licenses/by-sa/3.0/" />
<link rel="alternate" type="application/atom+xml" title="Flux Atom de Wikipédia" href="/w/index.php?title=Sp%C3%A9cial:Modifications_r%C3%A9centes&amp;feed=atom" />
<link rel="stylesheet" href="http://bits.wikimedia.org/skins-1.5/vector/main-ltr.css?283-19" type="text/css" media="screen" />
<link rel="stylesheet" href="http://bits.wikimedia.org/skins-1.5/common/shared.css?283-19" type="text/css" media="screen" />
~
148.478695154
New :
~r~
0.000159025192261
New :
~<!DOCTYPE html PUBLIC "-//W3C//DTD XHTML 1.0 Transitional//EN" "http://www.w3.org/TR/xhtml1/DTD/xhtml1-transitional.dtd">
<html xmlns="http://www.w3.org/1999/xhtml" lang="fr" dir="ltr">
<head>
<title>~ - Wikipédia</title>~
0.00903296470642
New :
~<!DOCTYPE html PUBLIC "-//W3C//DTD XHTML 1.0 Transitional//EN" "http://www.w3.org/TR/xhtml1/DTD/xhtml1-transitional.dtd">
<html xmlns="http://www.w3.org/1999/xhtml" lang="fr" dir="ltr">
<head>
<title>~cultur~ - Wikipédia</title>~
0.0198390483856
New :
~<!DOCTYPE html PUBLIC "-//W3C//DTD XHTML 1.0 Transitional//EN" "http://www.w3.org/TR/xhtml1/DTD/xhtml1-transitional.dtd">
<html xmlns="http://www.w3.org/1999/xhtml" lang="fr" dir="ltr">
<head>
<title>~-~cultur~ - Wikipédia</title>~
0.0319321155548
